<?xml version="1.0" encoding="UTF-8"?>
<!-- Generated by org.testng.reporters.JUnitXMLReporter -->
<testsuite hostname="DESKTOP-3GNVT0U" ignored="0" name="Default test" tests="3" failures="0" timestamp="09 Apr 2021 10:42:30 GMT" time="1360.672" errors="0">
  <testcase name="actions" time="408.509" classname="com.qa.nsprocess.SOProcess"/>
  <testcase name="form_test" time="91.521" classname="com.qa.nsprocess.SOProcess"/>
  <testcase name="soCreation" time="809.971" classname="com.qa.nsprocess.SOProcess"/>
</testsuite> <!-- Default test -->
