<?xml version="1.0" encoding="UTF-8"?>
<testng-results skipped="0" failed="0" ignored="0" total="3" passed="3">
  <reporter-output>
  </reporter-output>
  <suite name="Default suite" duration-ms="1360672" started-at="2021-04-09T10:19:50Z" finished-at="2021-04-09T10:42:30Z">
    <groups>
    </groups>
    <test name="Default test" duration-ms="1360672" started-at="2021-04-09T10:19:50Z" finished-at="2021-04-09T10:42:30Z">
      <class name="com.qa.nsprocess.SOProcess">
        <test-method status="PASS" signature="setExtent()[pri:0, instance:com.qa.nsprocess.SOProcess@29ca901e]" name="setExtent" is-config="true" duration-ms="266" started-at="2021-04-09T10:19:50Z" finished-at="2021-04-09T10:19:50Z">
          <reporter-output>
          </reporter-output>
        </test-method> <!-- setExtent -->
        <test-method status="PASS" signature="setUp()[pri:0, instance:com.qa.nsprocess.SOProcess@29ca901e]" name="setUp" is-config="true" duration-ms="21152" started-at="2021-04-09T10:19:50Z" finished-at="2021-04-09T10:20:11Z">
          <reporter-output>
          </reporter-output>
        </test-method> <!-- setUp -->
        <test-method status="PASS" signature="actions()[pri:0, instance:com.qa.nsprocess.SOProcess@29ca901e]" name="actions" duration-ms="408509" started-at="2021-04-09T10:20:11Z" finished-at="2021-04-09T10:27:00Z">
          <reporter-output>
          </reporter-output>
        </test-method> <!-- actions -->
        <test-method status="PASS" signature="tearDown(org.testng.ITestResult)[pri:0, instance:com.qa.nsprocess.SOProcess@29ca901e]" name="tearDown" is-config="true" duration-ms="962" started-at="2021-04-09T10:27:00Z" finished-at="2021-04-09T10:27:00Z">
          <params>
            <param index="0">
              <value>
                <![CDATA[[TestResult name=actions status=SUCCESS method=SOProcess.actions()[pri:0, instance:com.qa.nsprocess.SOProcess@29ca901e] output={null}]]]>
              </value>
            </param>
          </params>
          <reporter-output>
          </reporter-output>
        </test-method> <!-- tearDown -->
        <test-method status="PASS" signature="setUp()[pri:0, instance:com.qa.nsprocess.SOProcess@29ca901e]" name="setUp" is-config="true" duration-ms="11154" started-at="2021-04-09T10:27:00Z" finished-at="2021-04-09T10:27:12Z">
          <reporter-output>
          </reporter-output>
        </test-method> <!-- setUp -->
        <test-method status="PASS" signature="form_test()[pri:0, instance:com.qa.nsprocess.SOProcess@29ca901e]" name="form_test" duration-ms="91521" started-at="2021-04-09T10:27:12Z" finished-at="2021-04-09T10:28:43Z">
          <reporter-output>
          </reporter-output>
        </test-method> <!-- form_test -->
        <test-method status="PASS" signature="tearDown(org.testng.ITestResult)[pri:0, instance:com.qa.nsprocess.SOProcess@29ca901e]" name="tearDown" is-config="true" duration-ms="835" started-at="2021-04-09T10:28:43Z" finished-at="2021-04-09T10:28:44Z">
          <params>
            <param index="0">
              <value>
                <![CDATA[[TestResult name=form_test status=SUCCESS method=SOProcess.form_test()[pri:0, instance:com.qa.nsprocess.SOProcess@29ca901e] output={null}]]]>
              </value>
            </param>
          </params>
          <reporter-output>
          </reporter-output>
        </test-method> <!-- tearDown -->
        <test-method status="PASS" signature="setUp()[pri:0, instance:com.qa.nsprocess.SOProcess@29ca901e]" name="setUp" is-config="true" duration-ms="10412" started-at="2021-04-09T10:28:44Z" finished-at="2021-04-09T10:28:54Z">
          <reporter-output>
          </reporter-output>
        </test-method> <!-- setUp -->
        <test-method status="PASS" signature="soCreation()[pri:0, instance:com.qa.nsprocess.SOProcess@29ca901e]" name="soCreation" duration-ms="809971" started-at="2021-04-09T10:28:54Z" finished-at="2021-04-09T10:42:24Z">
          <reporter-output>
          </reporter-output>
        </test-method> <!-- soCreation -->
        <test-method status="PASS" signature="tearDown(org.testng.ITestResult)[pri:0, instance:com.qa.nsprocess.SOProcess@29ca901e]" name="tearDown" is-config="true" duration-ms="877" started-at="2021-04-09T10:42:24Z" finished-at="2021-04-09T10:42:25Z">
          <params>
            <param index="0">
              <value>
                <![CDATA[[TestResult name=soCreation status=SUCCESS method=SOProcess.soCreation()[pri:0, instance:com.qa.nsprocess.SOProcess@29ca901e] output={null}]]]>
              </value>
            </param>
          </params>
          <reporter-output>
          </reporter-output>
        </test-method> <!-- tearDown -->
        <test-method status="PASS" signature="endReport()[pri:0, instance:com.qa.nsprocess.SOProcess@29ca901e]" name="endReport" is-config="true" duration-ms="4989" started-at="2021-04-09T10:42:25Z" finished-at="2021-04-09T10:42:30Z">
          <reporter-output>
          </reporter-output>
        </test-method> <!-- endReport -->
      </class> <!-- com.qa.nsprocess.SOProcess -->
    </test> <!-- Default test -->
  </suite> <!-- Default suite -->
</testng-results>
